<?xml version="1.0" encoding="UTF-8"?>
<testsuite xmlns:xsi="http://www.w3.org/2001/XMLSchema-instance" xsi:noNamespaceSchemaLocation="https://maven.apache.org/surefire/maven-surefire-plugin/xsd/surefire-test-report.xsd" version="3.0.2" name="com.medicare.MediCareApplicationTests" time="23.914" tests="1" errors="0" skipped="0" failures="0" flakes="0">
  <properties>
[...]
</properties>
  <testcase name="contextLoads" classname="com.medicare.MediCareApplicationTests" time="0.994">
    <system-out><![CDATA[19:59:45.839 [main] INFO org.springframework.test.context.support.AnnotationConfigContextLoaderUtils -- Could not detect default configuration classes for test class [com.medicare.MediCareApplicationTests]: MediCareApplicationTests does not declare any static, non-private, non-final, nested classes annotated with @Configuration.
19:59:46.426 [main] INFO org.springframework.boot.test.context.SpringBootTestContextBootstrapper -- Found @SpringBootConfiguration com.medicare.MediCareApplication for test class com.medicare.MediCareApplicationTests
19:59:46.834 [main] INFO org.springframework.test.context.support.AnnotationConfigContextLoaderUtils -- Could not detect default configuration classes for test class [com.medicare.MediCareApplicationTests]: MediCareApplicationTests does not declare any static, non-private, non-final, nested classes annotated with @Configuration.
19:59:46.839 [main] INFO org.springframework.boot.test.context.SpringBootTestContextBootstrapper -- Found @SpringBootConfiguration com.medicare.MediCareApplication for test class com.medicare.MediCareApplicationTests
19:59:47.090 [main] INFO org.springframework.boot.devtools.restart.RestartApplicationListener -- Restart disabled due to context in which it is running

  .   ____          _            __ _ _
 /\\ / ___'_ __ _ _(_)_ __  __ _ \ \ \ \
( ( )\___ | '_ | '_| | '_ \/ _` | \ \ \ \
 \\/  ___)| |_)| | | | | || (_| |  ) ) ) )
  '  |____| .__|_| |_|_| |_\__, | / / / /
 =========|_|==============|___/=/_/_/_/

 :: Spring Boot ::                (v4.1.0)

2026-08-12T19:59:48.218-06:00  INFO 2212 --- [MediCare] [           main] com.medicare.MediCareApplicationTests    : Starting MediCareApplicationTests using Java 23.0.2 with PID 2212 (started by sheyr in C:\Projects\MediCare)
2026-08-12T19:59:48.222-06:00 DEBUG 2212 --- [MediCare] [           main] com.medicare.MediCareApplicationTests    : Running with Spring Boot v4.1.0, Spring v7.0.8
2026-08-12T19:59:48.226-06:00  INFO 2212 --- [MediCare] [           main] com.medicare.MediCareApplicationTests    : No active profile set, falling back to 1 default profile: "default"
2026-08-12T19:59:50.812-06:00  INFO 2212 --- [MediCare] [           main] .s.d.r.c.RepositoryConfigurationDelegate : Bootstrapping Spring Data JPA repositories in DEFAULT mode.
2026-08-12T19:59:51.007-06:00  INFO 2212 --- [MediCare] [           main] .s.d.r.c.RepositoryConfigurationDelegate : Finished Spring Data repository scanning in 161 ms. Found 3 JPA repository interfaces.
2026-08-12T19:59:53.585-06:00  INFO 2212 --- [MediCare] [           main] org.hibernate.orm.jpa                    : HHH008540: Processing PersistenceUnitInfo [name: default]
2026-08-12T19:59:54.077-06:00  INFO 2212 --- [MediCare] [           main] org.hibernate.orm.core                   : HHH000001: Hibernate ORM core version 7.4.1.Final
2026-08-12T19:59:56.618-06:00  INFO 2212 --- [MediCare] [           main] o.s.o.j.p.SpringPersistenceUnitInfo      : No LoadTimeWeaver setup: ignoring JPA class transformer
2026-08-12T19:59:56.765-06:00  INFO 2212 --- [MediCare] [           main] com.zaxxer.hikari.HikariDataSource       : HikariPool-1 - Starting...
2026-08-12T19:59:57.482-06:00  INFO 2212 --- [MediCare] [           main] com.zaxxer.hikari.pool.HikariPool        : HikariPool-1 - Added connection com.mysql.cj.jdbc.ConnectionImpl@d65e744
2026-08-12T19:59:57.492-06:00  INFO 2212 --- [MediCare] [           main] com.zaxxer.hikari.HikariDataSource       : HikariPool-1 - Start completed.
2026-08-12T19:59:57.663-06:00  WARN 2212 --- [MediCare] [           main] org.hibernate.orm.deprecation            : HHH90000025: MySQLDialect does not need to be specified explicitly using 'hibernate.dialect' (remove the property setting and it will be selected by default)
2026-08-12T19:59:57.723-06:00  INFO 2212 --- [MediCare] [           main] org.hibernate.orm.connections.pooling    : HHH10001005: Database info:
	Database JDBC URL [jdbc:mysql://localhost:3306/medicare?useSSL=false&allowPublicKeyRetrieval=true&serverTimezone=UTC]
	Database driver: MySQL Connector/J
	Database dialect: MySQLDialect
	Database version: 8.4.6
	Default catalog/schema: medicare/undefined
	Autocommit mode: undefined/unknown
	Isolation level: REPEATABLE_READ [default REPEATABLE_READ]
	JDBC fetch size: none
	Pool: DataSourceConnectionProvider
	Minimum pool size: undefined/unknown
	Maximum pool size: undefined/unknown
2026-08-12T20:00:00.220-06:00  INFO 2212 --- [MediCare] [           main] org.hibernate.orm.core                   : HHH000489: No JTA platform available (set 'hibernate.transaction.jta.platform' to enable JTA platform integration)
2026-08-12T20:00:00.439-06:00  INFO 2212 --- [MediCare] [           main] j.LocalContainerEntityManagerFactoryBean : Initialized JPA EntityManagerFactory for persistence unit 'default'
2026-08-12T20:00:00.723-06:00  INFO 2212 --- [MediCare] [           main] o.s.d.j.r.query.QueryEnhancerFactories   : Hibernate is in classpath; If applicable, HQL parser will be used.
2026-08-12T20:00:05.389-06:00  WARN 2212 --- [MediCare] [           main] JpaBaseConfiguration$JpaWebConfiguration : spring.jpa.open-in-view is enabled by default. Therefore, database queries may be performed during view rendering. Explicitly configure spring.jpa.open-in-view to disable this warning
2026-08-12T20:00:05.876-06:00  INFO 2212 --- [MediCare] [           main] eAuthenticationProviderManagerConfigurer : Global AuthenticationManager configured with AuthenticationProvider bean with name authenticationProvider
2026-08-12T20:00:05.876-06:00  WARN 2212 --- [MediCare] [           main] r$InitializeUserDetailsManagerConfigurer : Global AuthenticationManager configured with an AuthenticationProvider bean. UserDetailsService beans will not be used by Spring Security for automatically configuring username/password login. Consider removing the AuthenticationProvider bean. Alternatively, consider using the UserDetailsService in a manually instantiated DaoAuthenticationProvider. If the current configuration is intentional, to turn off this warning, increase the logging level of 'org.springframework.security.config.annotation.authentication.configuration.InitializeUserDetailsBeanManagerConfigurer' to ERROR
2026-08-12T20:00:06.497-06:00  INFO 2212 --- [MediCare] [           main] o.s.b.w.a.WelcomePageHandlerMapping      : Adding welcome page template: index
2026-08-12T20:00:07.600-06:00  INFO 2212 --- [MediCare] [           main] com.medicare.MediCareApplicationTests    : Started MediCareApplicationTests in 20.55 seconds (process running for 25.477)
Hibernate: 
    select
        count(*) 
    from
        rol r1_0
Hibernate: 
    select
        count(*) 
    from
        usuario u1_0
Hibernate: 
    select
        u1_0.id,
        u1_0.activo,
        u1_0.email,
        u1_0.fecha_creacion,
        u1_0.nombre,
        u1_0.password,
        u1_0.rol_id 
    from
        usuario u1_0
Hibernate: 
    select
        r1_0.id,
        r1_0.nombre 
    from
        rol r1_0 
    where
        r1_0.id=?
Hibernate: 
    select
        r1_0.id,
        r1_0.nombre 
    from
        rol r1_0 
    where
        r1_0.id=?
Hibernate: 
    select
        r1_0.id,
        r1_0.nombre 
    from
        rol r1_0 
    where
        r1_0.id=?
]]></system-out>
    <system-err><![CDATA[Mockito is currently self-attaching to enable the inline-mock-maker. This will no longer work in future releases of the JDK. Please add Mockito as an agent to your build as described in Mockito's documentation: https://javadoc.io/doc/org.mockito/mockito-core/latest/org.mockito/org/mockito/Mockito.html#0.3
WARNING: A Java agent has been loaded dynamically (C:\Users\sheyr\.m2\repository\net\bytebuddy\byte-buddy-agent\1.18.10\byte-buddy-agent-1.18.10.jar)
WARNING: If a serviceability tool is in use, please run with -XX:+EnableDynamicAgentLoading to hide this warning
WARNING: If a serviceability tool is not in use, please run with -Djdk.instrument.traceUsage for more information
WARNING: Dynamic loading of agents will be disallowed by default in a future release
]]></system-err>
  </testcase>
</testsuite>